2024-12-06T15:48:21.005+04:00  INFO 30232 --- [springdatajpa] [main] o.e.s.SpringdatajpaApplication           : Starting SpringdatajpaApplication using Java 21.0.1 with PID 30232 (D:\IdeaU\springdatajpa\target\classes started by Vivobook in D:\IdeaU\springdatajpa)
2024-12-06T15:48:21.006+04:00  INFO 30232 --- [springdatajpa] [main] o.e.s.SpringdatajpaApplication           : No active profile set, falling back to 1 default profile: "default"
2024-12-06T15:48:21.461+04:00  INFO 30232 --- [springdatajpa] [main] .s.d.r.c.RepositoryConfigurationDelegate : Bootstrapping Spring Data JPA repositories in DEFAULT mode.
2024-12-06T15:48:21.499+04:00  INFO 30232 --- [springdatajpa] [main] .s.d.r.c.RepositoryConfigurationDelegate : Finished Spring Data repository scanning in 32 ms. Found 1 JPA repository interface.
2024-12-06T15:48:21.831+04:00  INFO 30232 --- [springdatajpa] [main] o.s.b.w.embedded.tomcat.TomcatWebServer  : Tomcat initialized with port 8080 (http)
2024-12-06T15:48:21.842+04:00  INFO 30232 --- [springdatajpa] [main] o.apache.catalina.core.StandardService   : Starting service [Tomcat]
2024-12-06T15:48:21.842+04:00  INFO 30232 --- [springdatajpa] [main] o.apache.catalina.core.StandardEngine    : Starting Servlet engine: [Apache Tomcat/10.1.30]
2024-12-06T15:48:21.882+04:00  INFO 30232 --- [springdatajpa] [main] o.a.c.c.C.[Tomcat].[localhost].[/]       : Initializing Spring embedded WebApplicationContext
2024-12-06T15:48:21.883+04:00  INFO 30232 --- [springdatajpa] [main] w.s.c.ServletWebServerApplicationContext : Root WebApplicationContext: initialization completed in 841 ms
2024-12-06T15:48:21.995+04:00  INFO 30232 --- [springdatajpa] [main] o.hibernate.jpa.internal.util.LogHelper  : HHH000204: Processing PersistenceUnitInfo [name: default]
2024-12-06T15:48:22.045+04:00  INFO 30232 --- [springdatajpa] [main] org.hibernate.Version                    : HHH000412: Hibernate ORM core version 6.5.3.Final
2024-12-06T15:48:22.075+04:00  INFO 30232 --- [springdatajpa] [main] o.h.c.internal.RegionFactoryInitiator    : HHH000026: Second-level cache disabled
2024-12-06T15:48:22.323+04:00  INFO 30232 --- [springdatajpa] [main] o.s.o.j.p.SpringPersistenceUnitInfo      : No LoadTimeWeaver setup: ignoring JPA class transformer
2024-12-06T15:48:22.343+04:00  INFO 30232 --- [springdatajpa] [main] com.zaxxer.hikari.HikariDataSource       : HikariPool-1 - Starting...
2024-12-06T15:48:22.451+04:00  INFO 30232 --- [springdatajpa] [main] com.zaxxer.hikari.pool.HikariPool        : HikariPool-1 - Added connection org.postgresql.jdbc.PgConnection@1c2d63f0
2024-12-06T15:48:22.452+04:00  INFO 30232 --- [springdatajpa] [main] com.zaxxer.hikari.HikariDataSource       : HikariPool-1 - Start completed.
2024-12-06T15:48:23.121+04:00  INFO 30232 --- [springdatajpa] [main] o.h.e.t.j.p.i.JtaPlatformInitiator       : HHH000489: No JTA platform available (set 'hibernate.transaction.jta.platform' to enable JTA platform integration)
2024-12-06T15:48:23.215+04:00  INFO 30232 --- [springdatajpa] [main] j.LocalContainerEntityManagerFactoryBean : Initialized JPA EntityManagerFactory for persistence unit 'default'
2024-12-06T15:48:23.390+04:00  WARN 30232 --- [springdatajpa] [main] JpaBaseConfiguration$JpaWebConfiguration : spring.jpa.open-in-view is enabled by default. Therefore, database queries may be performed during view rendering. Explicitly configure spring.jpa.open-in-view to disable this warning
2024-12-06T15:48:23.639+04:00  INFO 30232 --- [springdatajpa] [main] o.s.b.w.embedded.tomcat.TomcatWebServer  : Tomcat started on port 8080 (http) with context path '/'
2024-12-06T15:48:23.644+04:00  INFO 30232 --- [springdatajpa] [main] o.e.s.SpringdatajpaApplication           : Started SpringdatajpaApplication in 3.052 seconds (process running for 3.721)
2024-12-06T15:48:46.656+04:00  INFO 30232 --- [springdatajpa] [http-nio-8080-exec-2] o.a.c.c.C.[Tomcat].[localhost].[/]       : Initializing Spring DispatcherServlet 'dispatcherServlet'
2024-12-06T15:48:46.656+04:00  INFO 30232 --- [springdatajpa] [http-nio-8080-exec-2] o.s.web.servlet.DispatcherServlet        : Initializing Servlet 'dispatcherServlet'
2024-12-06T15:48:46.658+04:00  INFO 30232 --- [springdatajpa] [http-nio-8080-exec-2] o.s.web.servlet.DispatcherServlet        : Completed initialization in 2 ms
2024-12-06T15:56:59.453+04:00  INFO 30232 --- [springdatajpa] [SpringApplicationShutdownHook] j.LocalContainerEntityManagerFactoryBean : Closing JPA EntityManagerFactory for persistence unit 'default'
2024-12-06T15:56:59.490+04:00  INFO 30232 --- [springdatajpa] [SpringApplicationShutdownHook] com.zaxxer.hikari.HikariDataSource       : HikariPool-1 - Shutdown initiated...
2024-12-06T15:56:59.501+04:00  INFO 30232 --- [springdatajpa] [SpringApplicationShutdownHook] com.zaxxer.hikari.HikariDataSource       : HikariPool-1 - Shutdown completed.
2024-12-06T16:23:52.970+04:00  INFO 41080 --- [springdatajpa] [main] o.e.s.SpringdatajpaApplication           : Starting SpringdatajpaApplication using Java 21.0.1 with PID 41080 (D:\IdeaU\springdatajpa\target\classes started by Vivobook in D:\IdeaU\springdatajpa)
2024-12-06T16:23:52.973+04:00  INFO 41080 --- [springdatajpa] [main] o.e.s.SpringdatajpaApplication           : No active profile set, falling back to 1 default profile: "default"
2024-12-06T16:23:53.723+04:00  INFO 41080 --- [springdatajpa] [main] .s.d.r.c.RepositoryConfigurationDelegate : Bootstrapping Spring Data JPA repositories in DEFAULT mode.
2024-12-06T16:23:53.791+04:00  INFO 41080 --- [springdatajpa] [main] .s.d.r.c.RepositoryConfigurationDelegate : Finished Spring Data repository scanning in 58 ms. Found 1 JPA repository interface.
2024-12-06T16:23:54.444+04:00  INFO 41080 --- [springdatajpa] [main] o.s.b.w.embedded.tomcat.TomcatWebServer  : Tomcat initialized with port 8080 (http)
2024-12-06T16:23:54.465+04:00  INFO 41080 --- [springdatajpa] [main] o.apache.catalina.core.StandardService   : Starting service [Tomcat]
2024-12-06T16:23:54.467+04:00  INFO 41080 --- [springdatajpa] [main] o.apache.catalina.core.StandardEngine    : Starting Servlet engine: [Apache Tomcat/10.1.30]
2024-12-06T16:23:54.532+04:00  INFO 41080 --- [springdatajpa] [main] o.a.c.c.C.[Tomcat].[localhost].[/]       : Initializing Spring embedded WebApplicationContext
2024-12-06T16:23:54.532+04:00  INFO 41080 --- [springdatajpa] [main] w.s.c.ServletWebServerApplicationContext : Root WebApplicationContext: initialization completed in 1512 ms
2024-12-06T16:23:54.719+04:00  INFO 41080 --- [springdatajpa] [main] o.hibernate.jpa.internal.util.LogHelper  : HHH000204: Processing PersistenceUnitInfo [name: default]
2024-12-06T16:23:54.793+04:00  INFO 41080 --- [springdatajpa] [main] org.hibernate.Version                    : HHH000412: Hibernate ORM core version 6.5.3.Final
2024-12-06T16:23:54.839+04:00  INFO 41080 --- [springdatajpa] [main] o.h.c.internal.RegionFactoryInitiator    : HHH000026: Second-level cache disabled
2024-12-06T16:23:55.253+04:00  INFO 41080 --- [springdatajpa] [main] o.s.o.j.p.SpringPersistenceUnitInfo      : No LoadTimeWeaver setup: ignoring JPA class transformer
2024-12-06T16:23:55.294+04:00  INFO 41080 --- [springdatajpa] [main] com.zaxxer.hikari.HikariDataSource       : HikariPool-1 - Starting...
2024-12-06T16:23:55.456+04:00  INFO 41080 --- [springdatajpa] [main] com.zaxxer.hikari.pool.HikariPool        : HikariPool-1 - Added connection org.postgresql.jdbc.PgConnection@22f8adc2
2024-12-06T16:23:55.458+04:00  INFO 41080 --- [springdatajpa] [main] com.zaxxer.hikari.HikariDataSource       : HikariPool-1 - Start completed.
2024-12-06T16:23:56.470+04:00  INFO 41080 --- [springdatajpa] [main] o.h.e.t.j.p.i.JtaPlatformInitiator       : HHH000489: No JTA platform available (set 'hibernate.transaction.jta.platform' to enable JTA platform integration)
2024-12-06T16:23:56.582+04:00  INFO 41080 --- [springdatajpa] [main] j.LocalContainerEntityManagerFactoryBean : Initialized JPA EntityManagerFactory for persistence unit 'default'
2024-12-06T16:23:56.869+04:00  WARN 41080 --- [springdatajpa] [main] JpaBaseConfiguration$JpaWebConfiguration : spring.jpa.open-in-view is enabled by default. Therefore, database queries may be performed during view rendering. Explicitly configure spring.jpa.open-in-view to disable this warning
2024-12-06T16:23:57.286+04:00  INFO 41080 --- [springdatajpa] [main] o.s.b.w.embedded.tomcat.TomcatWebServer  : Tomcat started on port 8080 (http) with context path '/'
2024-12-06T16:23:57.294+04:00  INFO 41080 --- [springdatajpa] [main] o.e.s.SpringdatajpaApplication           : Started SpringdatajpaApplication in 4.865 seconds (process running for 5.69)
2024-12-06T16:24:03.081+04:00  INFO 41080 --- [springdatajpa] [http-nio-8080-exec-3] o.a.c.c.C.[Tomcat].[localhost].[/]       : Initializing Spring DispatcherServlet 'dispatcherServlet'
2024-12-06T16:24:03.082+04:00  INFO 41080 --- [springdatajpa] [http-nio-8080-exec-3] o.s.web.servlet.DispatcherServlet        : Initializing Servlet 'dispatcherServlet'
2024-12-06T16:24:03.083+04:00  INFO 41080 --- [springdatajpa] [http-nio-8080-exec-3] o.s.web.servlet.DispatcherServlet        : Completed initialization in 1 ms
2024-12-06T16:24:03.275+04:00  INFO 41080 --- [springdatajpa] [http-nio-8080-exec-3] o.e.s.controller.StudentController       : Creating a new student with name: Adil
2024-12-06T16:24:03.377+04:00  INFO 41080 --- [springdatajpa] [http-nio-8080-exec-3] o.e.s.controller.StudentController       : Student created with id: 7
2024-12-06T16:33:42.025+04:00  INFO 41080 --- [springdatajpa] [SpringApplicationShutdownHook] j.LocalContainerEntityManagerFactoryBean : Closing JPA EntityManagerFactory for persistence unit 'default'
2024-12-06T16:33:42.076+04:00  INFO 41080 --- [springdatajpa] [SpringApplicationShutdownHook] com.zaxxer.hikari.HikariDataSource       : HikariPool-1 - Shutdown initiated...
2024-12-06T16:33:42.102+04:00  INFO 41080 --- [springdatajpa] [SpringApplicationShutdownHook] com.zaxxer.hikari.HikariDataSource       : HikariPool-1 - Shutdown completed.
2024-12-06T16:33:46.288+04:00  INFO 16920 --- [springdatajpa] [main] o.e.s.SpringdatajpaApplication           : Starting SpringdatajpaApplication using Java 21.0.1 with PID 16920 (D:\IdeaU\springdatajpa\target\classes started by Vivobook in D:\IdeaU\springdatajpa)
2024-12-06T16:33:46.293+04:00  INFO 16920 --- [springdatajpa] [main] o.e.s.SpringdatajpaApplication           : No active profile set, falling back to 1 default profile: "default"
2024-12-06T16:33:47.205+04:00  INFO 16920 --- [springdatajpa] [main] .s.d.r.c.RepositoryConfigurationDelegate : Bootstrapping Spring Data JPA repositories in DEFAULT mode.
2024-12-06T16:33:47.260+04:00  INFO 16920 --- [springdatajpa] [main] .s.d.r.c.RepositoryConfigurationDelegate : Finished Spring Data repository scanning in 47 ms. Found 1 JPA repository interface.
2024-12-06T16:33:47.978+04:00  INFO 16920 --- [springdatajpa] [main] o.s.b.w.embedded.tomcat.TomcatWebServer  : Tomcat initialized with port 8081 (http)
2024-12-06T16:33:48.003+04:00  INFO 16920 --- [springdatajpa] [main] o.apache.catalina.core.StandardService   : Starting service [Tomcat]
2024-12-06T16:33:48.004+04:00  INFO 16920 --- [springdatajpa] [main] o.apache.catalina.core.StandardEngine    : Starting Servlet engine: [Apache Tomcat/10.1.30]
2024-12-06T16:33:48.085+04:00  INFO 16920 --- [springdatajpa] [main] o.a.c.c.C.[Tomcat].[localhost].[/]       : Initializing Spring embedded WebApplicationContext
2024-12-06T16:33:48.086+04:00  INFO 16920 --- [springdatajpa] [main] w.s.c.ServletWebServerApplicationContext : Root WebApplicationContext: initialization completed in 1735 ms
2024-12-06T16:33:48.350+04:00  INFO 16920 --- [springdatajpa] [main] o.hibernate.jpa.internal.util.LogHelper  : HHH000204: Processing PersistenceUnitInfo [name: default]
2024-12-06T16:33:48.441+04:00  INFO 16920 --- [springdatajpa] [main] org.hibernate.Version                    : HHH000412: Hibernate ORM core version 6.5.3.Final
2024-12-06T16:33:48.496+04:00  INFO 16920 --- [springdatajpa] [main] o.h.c.internal.RegionFactoryInitiator    : HHH000026: Second-level cache disabled
2024-12-06T16:33:48.991+04:00  INFO 16920 --- [springdatajpa] [main] o.s.o.j.p.SpringPersistenceUnitInfo      : No LoadTimeWeaver setup: ignoring JPA class transformer
2024-12-06T16:33:49.061+04:00  INFO 16920 --- [springdatajpa] [main] com.zaxxer.hikari.HikariDataSource       : HikariPool-1 - Starting...
2024-12-06T16:33:49.263+04:00  INFO 16920 --- [springdatajpa] [main] com.zaxxer.hikari.pool.HikariPool        : HikariPool-1 - Added connection org.postgresql.jdbc.PgConnection@782ac148
2024-12-06T16:33:49.265+04:00  INFO 16920 --- [springdatajpa] [main] com.zaxxer.hikari.HikariDataSource       : HikariPool-1 - Start completed.
2024-12-06T16:33:50.661+04:00  INFO 16920 --- [springdatajpa] [main] o.h.e.t.j.p.i.JtaPlatformInitiator       : HHH000489: No JTA platform available (set 'hibernate.transaction.jta.platform' to enable JTA platform integration)
2024-12-06T16:33:50.755+04:00  INFO 16920 --- [springdatajpa] [main] j.LocalContainerEntityManagerFactoryBean : Initialized JPA EntityManagerFactory for persistence unit 'default'
2024-12-06T16:33:51.179+04:00  WARN 16920 --- [springdatajpa] [main] JpaBaseConfiguration$JpaWebConfiguration : spring.jpa.open-in-view is enabled by default. Therefore, database queries may be performed during view rendering. Explicitly configure spring.jpa.open-in-view to disable this warning
2024-12-06T16:33:51.718+04:00  INFO 16920 --- [springdatajpa] [main] o.s.b.w.embedded.tomcat.TomcatWebServer  : Tomcat started on port 8081 (http) with context path '/'
2024-12-06T16:33:51.728+04:00  INFO 16920 --- [springdatajpa] [main] o.e.s.SpringdatajpaApplication           : Started SpringdatajpaApplication in 5.976 seconds (process running for 6.987)
2024-12-06T16:34:00.322+04:00  INFO 16920 --- [springdatajpa] [http-nio-8081-exec-2] o.a.c.c.C.[Tomcat].[localhost].[/]       : Initializing Spring DispatcherServlet 'dispatcherServlet'
2024-12-06T16:34:00.323+04:00  INFO 16920 --- [springdatajpa] [http-nio-8081-exec-2] o.s.web.servlet.DispatcherServlet        : Initializing Servlet 'dispatcherServlet'
2024-12-06T16:34:00.325+04:00  INFO 16920 --- [springdatajpa] [http-nio-8081-exec-2] o.s.web.servlet.DispatcherServlet        : Completed initialization in 2 ms
2024-12-06T16:34:25.044+04:00  INFO 16920 --- [springdatajpa] [http-nio-8081-exec-3] o.e.s.controller.StudentController       : Creating a new student with name: Adil
2024-12-06T16:34:25.089+04:00  INFO 16920 --- [springdatajpa] [http-nio-8081-exec-3] o.e.s.controller.StudentController       : Student created with id: 7
2024-12-06T16:34:54.958+04:00  INFO 16920 --- [springdatajpa] [http-nio-8081-exec-4] o.e.s.controller.StudentController       : Creating a new student with name: Eli
2024-12-06T16:34:55.020+04:00  INFO 16920 --- [springdatajpa] [http-nio-8081-exec-4] o.e.s.controller.StudentController       : Student created with id: 8
2024-12-06T16:38:32.930+04:00  INFO 16920 --- [springdatajpa] [SpringApplicationShutdownHook] j.LocalContainerEntityManagerFactoryBean : Closing JPA EntityManagerFactory for persistence unit 'default'
2024-12-06T16:38:32.934+04:00  INFO 16920 --- [springdatajpa] [SpringApplicationShutdownHook] com.zaxxer.hikari.HikariDataSource       : HikariPool-1 - Shutdown initiated...
2024-12-06T16:38:32.941+04:00  INFO 16920 --- [springdatajpa] [SpringApplicationShutdownHook] com.zaxxer.hikari.HikariDataSource       : HikariPool-1 - Shutdown completed.
